Using pre-set license
Built from '2020.2/staging' branch; Version is '2020.2.3f1 (8ff31bc5bf5b) revision 9433883'; Using compiler version '192528614'; Build Type 'Release'
OS: 'Windows 10 Home Single Language; OS build 19042.985; Version 2009; 64bit' Language: 'en' Physical Memory: 12050 MB
BatchMode: 1, IsHumanControllingUs: 0, StartBugReporterOnCrash: 0, Is64bit: 1, IsPro: 0

 COMMAND LINE ARGUMENTS:
C:\Program Files\Unity\Editor\Unity.exe
-adb2
-batchMode
-noUpm
-name
AssetImportWorker2
-projectPath
F:/unity/Block Puzzal/Block Puzzal
-logFile
Logs/AssetImportWorker2.log
-srvPort
58378
Successfully changed project path to: F:/unity/Block Puzzal/Block Puzzal
F:/unity/Block Puzzal/Block Puzzal
Using Asset Import Pipeline V2.
Refreshing native plugins compatible for Editor in 63.07 ms, found 1 plugins.
Preloading 0 native plugins for Editor in 0.00 ms.
Initialize engine version: 2020.2.3f1 (8ff31bc5bf5b)
[Subsystems] Discovering subsystems at path C:/Program Files/Unity/Editor/Data/Resources/UnitySubsystems
[Subsystems] Discovering subsystems at path F:/unity/Block Puzzal/Block Puzzal/Assets
GfxDevice: creating device client; threaded=0
Direct3D:
    Version:  Direct3D 11.0 [level 11.1]
    Renderer: Intel(R) HD Graphics 620 (ID=0x5921)
    Vendor:   
    VRAM:     6025 MB
    Driver:   23.20.16.4973
Initialize mono
Mono path[0] = 'C:/Program Files/Unity/Editor/Data/Managed'
Mono path[1] = 'C:/Program Files/Unity/Editor/Data/MonoBleedingEdge/lib/mono/unityjit'
Mono config path = 'C:/Program Files/Unity/Editor/Data/MonoBleedingEdge/etc'
Using monoOptions --debugger-agent=transport=dt_socket,embedding=1,server=y,suspend=n,address=127.0.0.1:56392
Begin MonoManager ReloadAssembly
Registering precompiled unity dll's ...
Register platform support module: C:/Program Files/Unity/Editor/Data/PlaybackEngines/WebGLSupport/UnityEditor.WebGL.Extensions.dll
Register platform support module: C:/Program Files/Unity/Editor/Data/PlaybackEngines/WindowsStandaloneSupport/UnityEditor.WindowsStandalone.Extensions.dll
Registered in 0.005443 seconds.
Native extension for WindowsStandalone target not found
Native extension for WebGL target not found
Refreshing native plugins compatible for Editor in 67.52 ms, found 1 plugins.
Preloading 0 native plugins for Editor in 0.00 ms.
Invoked RoslynAnalysisRunner static constructor.
RoslynAnalysisRunner will not be running.
RoslynAnalysisRunner has terminated.
Mono: successfully reloaded assembly
- Completed reload, in  2.549 seconds
Platform modules already initialized, skipping
Registering precompiled user dll's ...
Registered in 0.001736 seconds.
Begin MonoManager ReloadAssembly
Native extension for WindowsStandalone target not found
Native extension for WebGL target not found
Refreshing native plugins compatible for Editor in 73.22 ms, found 1 plugins.
Preloading 0 native plugins for Editor in 0.00 ms.
Invoked RoslynAnalysisRunner static constructor.
RoslynAnalysisRunner will not be running.
RoslynAnalysisRunner has terminated.
Mono: successfully reloaded assembly
- Completed reload, in  1.943 seconds
Platform modules already initialized, skipping
========================================================================
Worker process is ready to serve import requests
Launched and connected shader compiler UnityShaderCompiler.exe after 0.09 seconds
Refreshing native plugins compatible for Editor in 0.48 ms, found 1 plugins.
Preloading 0 native plugins for Editor in 0.00 ms.
Unloading 1793 Unused Serialized files (Serialized files now loaded: 0)
System memory in use before: 84.3 MB.
System memory in use after: 84.3 MB.

Unloading 24 unused Assets to reduce memory usage. Loaded Objects now: 2233.
Total: 3.262300 ms (FindLiveObjects: 0.228600 ms CreateObjectMapping: 0.081000 ms MarkObjects: 2.772400 ms  DeleteObjects: 0.178100 ms)

========================================================================
Received Import Request.
  path: Assets/Scenes
  artifactKey: Guid(6e40444dc2a58b84d8480870629a1b5e) Importer(815301076,1909f56bfc062723c751e8b465ee728b)
Start importing Assets/Scenes using Guid(6e40444dc2a58b84d8480870629a1b5e) Importer(815301076,1909f56bfc062723c751e8b465ee728b)  -> (artifact id: 'a14d9bc617ee3952dbb82121bea442bf') in 0.006400 seconds
  Import took 0.010449 seconds .

========================================================================
Received Prepare
Registering precompiled user dll's ...
Registered in 0.001604 seconds.
Begin MonoManager ReloadAssembly
Native extension for WindowsStandalone target not found
Native extension for WebGL target not found
Refreshing native plugins compatible for Editor in 0.56 ms, found 1 plugins.
Preloading 0 native plugins for Editor in 0.00 ms.
Invoked RoslynAnalysisRunner static constructor.
RoslynAnalysisRunner will not be running.
RoslynAnalysisRunner has terminated.
Mono: successfully reloaded assembly
- Completed reload, in  1.567 seconds
Platform modules already initialized, skipping
Switching build target platform(5) subTarget(0) extendedPlatform(0) -> platform(13) subTarget(537395200) extendedPlatform(0)
Refreshing native plugins compatible for Editor in 0.47 ms, found 1 plugins.
Preloading 0 native plugins for Editor in 0.00 ms.
Unloading 1798 Unused Serialized files (Serialized files now loaded: 0)
System memory in use before: 84.5 MB.
System memory in use after: 84.5 MB.

Unloading 12 unused Assets to reduce memory usage. Loaded Objects now: 2243.
Total: 6.347600 ms (FindLiveObjects: 0.459600 ms CreateObjectMapping: 0.187400 ms MarkObjects: 5.403900 ms  DeleteObjects: 0.293500 ms)

AssetImportParameters requested are different than current active one (requested -> active):
  custom:graphics/normal-map-encoding: 01000000000000000000000000000000 -> 02000000000000000000000000000000
========================================================================
Received Import Request.
  Time since last request: 356.055609 seconds.
  path: Assets/Scenes/Game.unity
  artifactKey: Guid(16eac817131d54c5894c344653046ed7) Importer(815301076,1909f56bfc062723c751e8b465ee728b)
Start importing Assets/Scenes/Game.unity using Guid(16eac817131d54c5894c344653046ed7) Importer(815301076,1909f56bfc062723c751e8b465ee728b)  -> (artifact id: 'd84f9ccb5a8495b7bbb580e5a60e2a2b') in 0.023896 seconds
  Import took 0.028214 seconds .

========================================================================
Received Prepare
Registering precompiled user dll's ...
Registered in 0.001799 seconds.
Begin MonoManager ReloadAssembly
Native extension for WindowsStandalone target not found
Native extension for WebGL target not found
Refreshing native plugins compatible for Editor in 0.96 ms, found 1 plugins.
Preloading 0 native plugins for Editor in 0.00 ms.
Invoked RoslynAnalysisRunner static constructor.
RoslynAnalysisRunner will not be running.
RoslynAnalysisRunner has terminated.
Mono: successfully reloaded assembly
- Completed reload, in  2.229 seconds
Platform modules already initialized, skipping
Switching build target platform(5) subTarget(0) extendedPlatform(0) -> platform(13) subTarget(537395200) extendedPlatform(0)
Refreshing native plugins compatible for Editor in 0.47 ms, found 1 plugins.
Preloading 0 native plugins for Editor in 0.00 ms.
Unloading 1798 Unused Serialized files (Serialized files now loaded: 0)
System memory in use before: 84.6 MB.
System memory in use after: 84.6 MB.

Unloading 12 unused Assets to reduce memory usage. Loaded Objects now: 2246.
Total: 4.559600 ms (FindLiveObjects: 0.302400 ms CreateObjectMapping: 0.198700 ms MarkObjects: 3.823300 ms  DeleteObjects: 0.233200 ms)

AssetImportParameters requested are different than current active one (requested -> active):
  custom:graphics/normal-map-encoding: 01000000000000000000000000000000 -> 02000000000000000000000000000000
========================================================================
Received Prepare
Registering precompiled user dll's ...
Registered in 0.001534 seconds.
Begin MonoManager ReloadAssembly
Native extension for WindowsStandalone target not found
Native extension for WebGL target not found
Refreshing native plugins compatible for Editor in 1.01 ms, found 1 plugins.
Preloading 0 native plugins for Editor in 0.00 ms.
Invoked RoslynAnalysisRunner static constructor.
RoslynAnalysisRunner will not be running.
RoslynAnalysisRunner has terminated.
Mono: successfully reloaded assembly
- Completed reload, in  1.800 seconds
Platform modules already initialized, skipping
Switching build target platform(5) subTarget(0) extendedPlatform(0) -> platform(13) subTarget(537395200) extendedPlatform(0)
Refreshing native plugins compatible for Editor in 0.46 ms, found 1 plugins.
Preloading 0 native plugins for Editor in 0.00 ms.
Unloading 1798 Unused Serialized files (Serialized files now loaded: 0)
System memory in use before: 84.6 MB.
System memory in use after: 84.6 MB.

Unloading 12 unused Assets to reduce memory usage. Loaded Objects now: 2249.
Total: 4.392800 ms (FindLiveObjects: 0.295100 ms CreateObjectMapping: 0.341700 ms MarkObjects: 3.560200 ms  DeleteObjects: 0.193300 ms)

AssetImportParameters requested are different than current active one (requested -> active):
  custom:graphics/normal-map-encoding: 01000000000000000000000000000000 -> 02000000000000000000000000000000
========================================================================
Received Prepare
Registering precompiled user dll's ...
Registered in 0.001496 seconds.
Begin MonoManager ReloadAssembly
Native extension for WindowsStandalone target not found
Native extension for WebGL target not found
Refreshing native plugins compatible for Editor in 0.58 ms, found 1 plugins.
Preloading 0 native plugins for Editor in 0.00 ms.
Invoked RoslynAnalysisRunner static constructor.
RoslynAnalysisRunner will not be running.
RoslynAnalysisRunner has terminated.
Mono: successfully reloaded assembly
- Completed reload, in  1.843 seconds
Platform modules already initialized, skipping
Switching build target platform(5) subTarget(0) extendedPlatform(0) -> platform(13) subTarget(537395200) extendedPlatform(0)
Refreshing native plugins compatible for Editor in 0.76 ms, found 1 plugins.
Preloading 0 native plugins for Editor in 0.00 ms.
Unloading 1798 Unused Serialized files (Serialized files now loaded: 0)
System memory in use before: 84.6 MB.
System memory in use after: 84.6 MB.

Unloading 12 unused Assets to reduce memory usage. Loaded Objects now: 2252.
Total: 3.388800 ms (FindLiveObjects: 0.376000 ms CreateObjectMapping: 0.190300 ms MarkObjects: 2.662700 ms  DeleteObjects: 0.157200 ms)

AssetImportParameters requested are different than current active one (requested -> active):
  custom:graphics/normal-map-encoding: 01000000000000000000000000000000 -> 02000000000000000000000000000000
========================================================================
Received Prepare
Registering precompiled user dll's ...
Registered in 0.003079 seconds.
Begin MonoManager ReloadAssembly
Native extension for WindowsStandalone target not found
Native extension for WebGL target not found
Refreshing native plugins compatible for Editor in 0.52 ms, found 1 plugins.
Preloading 0 native plugins for Editor in 0.00 ms.
Invoked RoslynAnalysisRunner static constructor.
RoslynAnalysisRunner will not be running.
RoslynAnalysisRunner has terminated.
Mono: successfully reloaded assembly
- Completed reload, in  1.913 seconds
Platform modules already initialized, skipping
Switching build target platform(5) subTarget(0) extendedPlatform(0) -> platform(13) subTarget(537395200) extendedPlatform(0)
Refreshing native plugins compatible for Editor in 0.50 ms, found 1 plugins.
Preloading 0 native plugins for Editor in 0.00 ms.
Unloading 1798 Unused Serialized files (Serialized files now loaded: 0)
System memory in use before: 84.6 MB.
System memory in use after: 84.6 MB.

Unloading 12 unused Assets to reduce memory usage. Loaded Objects now: 2255.
Total: 3.482000 ms (FindLiveObjects: 0.304900 ms CreateObjectMapping: 0.177500 ms MarkObjects: 2.827100 ms  DeleteObjects: 0.170200 ms)

AssetImportParameters requested are different than current active one (requested -> active):
  custom:graphics/normal-map-encoding: 01000000000000000000000000000000 -> 02000000000000000000000000000000
========================================================================
Received Prepare
Registering precompiled user dll's ...
Registered in 0.002110 seconds.
Begin MonoManager ReloadAssembly
Native extension for WindowsStandalone target not found
Native extension for WebGL target not found
Refreshing native plugins compatible for Editor in 0.50 ms, found 1 plugins.
Preloading 0 native plugins for Editor in 0.00 ms.
Invoked RoslynAnalysisRunner static constructor.
RoslynAnalysisRunner will not be running.
RoslynAnalysisRunner has terminated.
Mono: successfully reloaded assembly
- Completed reload, in  1.887 seconds
Platform modules already initialized, skipping
Switching build target platform(5) subTarget(0) extendedPlatform(0) -> platform(13) subTarget(537395200) extendedPlatform(0)
Refreshing native plugins compatible for Editor in 0.48 ms, found 1 plugins.
Preloading 0 native plugins for Editor in 0.00 ms.
Unloading 1798 Unused Serialized files (Serialized files now loaded: 0)
System memory in use before: 84.7 MB.
System memory in use after: 84.6 MB.

Unloading 12 unused Assets to reduce memory usage. Loaded Objects now: 2258.
Total: 3.500300 ms (FindLiveObjects: 0.743300 ms CreateObjectMapping: 0.136900 ms MarkObjects: 2.419500 ms  DeleteObjects: 0.198500 ms)

AssetImportParameters requested are different than current active one (requested -> active):
  custom:graphics/normal-map-encoding: 01000000000000000000000000000000 -> 02000000000000000000000000000000
========================================================================
Received Prepare
Registering precompiled user dll's ...
Registered in 0.001871 seconds.
Begin MonoManager ReloadAssembly
Native extension for WindowsStandalone target not found
Native extension for WebGL target not found
Refreshing native plugins compatible for Editor in 0.49 ms, found 1 plugins.
Preloading 0 native plugins for Editor in 0.00 ms.
Invoked RoslynAnalysisRunner static constructor.
RoslynAnalysisRunner will not be running.
RoslynAnalysisRunner has terminated.
Mono: successfully reloaded assembly
- Completed reload, in  1.891 seconds
Platform modules already initialized, skipping
Switching build target platform(5) subTarget(0) extendedPlatform(0) -> platform(13) subTarget(537395200) extendedPlatform(0)
Refreshing native plugins compatible for Editor in 0.48 ms, found 1 plugins.
Preloading 0 native plugins for Editor in 0.00 ms.
Unloading 1798 Unused Serialized files (Serialized files now loaded: 0)
System memory in use before: 84.7 MB.
System memory in use after: 84.7 MB.

Unloading 12 unused Assets to reduce memory usage. Loaded Objects now: 2261.
Total: 5.872700 ms (FindLiveObjects: 0.430600 ms CreateObjectMapping: 0.171000 ms MarkObjects: 5.018300 ms  DeleteObjects: 0.250600 ms)

AssetImportParameters requested are different than current active one (requested -> active):
  custom:graphics/normal-map-encoding: 01000000000000000000000000000000 -> 02000000000000000000000000000000
========================================================================
Received Prepare
Registering precompiled user dll's ...
Registered in 0.002109 seconds.
Begin MonoManager ReloadAssembly
Native extension for WindowsStandalone target not found
Native extension for WebGL target not found
Refreshing native plugins compatible for Editor in 0.53 ms, found 1 plugins.
Preloading 0 native plugins for Editor in 0.00 ms.
Invoked RoslynAnalysisRunner static constructor.
RoslynAnalysisRunner will not be running.
RoslynAnalysisRunner has terminated.
Mono: successfully reloaded assembly
- Completed reload, in  1.906 seconds
Platform modules already initialized, skipping
Switching build target platform(5) subTarget(0) extendedPlatform(0) -> platform(13) subTarget(537395200) extendedPlatform(0)
Refreshing native plugins compatible for Editor in 0.79 ms, found 1 plugins.
Preloading 0 native plugins for Editor in 0.00 ms.
Unloading 1798 Unused Serialized files (Serialized files now loaded: 0)
System memory in use before: 84.7 MB.
System memory in use after: 84.7 MB.

Unloading 12 unused Assets to reduce memory usage. Loaded Objects now: 2264.
Total: 5.899400 ms (FindLiveObjects: 1.627100 ms CreateObjectMapping: 1.381000 ms MarkObjects: 2.731300 ms  DeleteObjects: 0.157600 ms)

AssetImportParameters requested are different than current active one (requested -> active):
  custom:graphics/normal-map-encoding: 01000000000000000000000000000000 -> 02000000000000000000000000000000
========================================================================
Received Prepare
Registering precompiled user dll's ...
Registered in 0.001659 seconds.
Begin MonoManager ReloadAssembly
Native extension for WindowsStandalone target not found
Native extension for WebGL target not found
Refreshing native plugins compatible for Editor in 0.61 ms, found 1 plugins.
Preloading 0 native plugins for Editor in 0.00 ms.
Invoked RoslynAnalysisRunner static constructor.
RoslynAnalysisRunner will not be running.
RoslynAnalysisRunner has terminated.
Mono: successfully reloaded assembly
- Completed reload, in  1.894 seconds
Platform modules already initialized, skipping
Switching build target platform(5) subTarget(0) extendedPlatform(0) -> platform(13) subTarget(537395200) extendedPlatform(0)
Refreshing native plugins compatible for Editor in 0.79 ms, found 1 plugins.
Preloading 0 native plugins for Editor in 0.00 ms.
Unloading 1798 Unused Serialized files (Serialized files now loaded: 0)
System memory in use before: 84.7 MB.
System memory in use after: 84.7 MB.

Unloading 12 unused Assets to reduce memory usage. Loaded Objects now: 2267.
Total: 3.354500 ms (FindLiveObjects: 0.304300 ms CreateObjectMapping: 0.210200 ms MarkObjects: 2.626500 ms  DeleteObjects: 0.211500 ms)

AssetImportParameters requested are different than current active one (requested -> active):
  custom:graphics/normal-map-encoding: 01000000000000000000000000000000 -> 02000000000000000000000000000000
========================================================================
Received Prepare
Registering precompiled user dll's ...
Registered in 0.001609 seconds.
Begin MonoManager ReloadAssembly
Native extension for WindowsStandalone target not found
Native extension for WebGL target not found
Refreshing native plugins compatible for Editor in 0.49 ms, found 1 plugins.
Preloading 0 native plugins for Editor in 0.00 ms.
Invoked RoslynAnalysisRunner static constructor.
RoslynAnalysisRunner will not be running.
RoslynAnalysisRunner has terminated.
Mono: successfully reloaded assembly
- Completed reload, in  1.762 seconds
Platform modules already initialized, skipping
Switching build target platform(5) subTarget(0) extendedPlatform(0) -> platform(13) subTarget(537395200) extendedPlatform(0)
Refreshing native plugins compatible for Editor in 0.55 ms, found 1 plugins.
Preloading 0 native plugins for Editor in 0.00 ms.
Unloading 1798 Unused Serialized files (Serialized files now loaded: 0)
System memory in use before: 84.7 MB.
System memory in use after: 84.7 MB.

Unloading 12 unused Assets to reduce memory usage. Loaded Objects now: 2270.
Total: 3.552800 ms (FindLiveObjects: 0.344100 ms CreateObjectMapping: 0.171500 ms MarkObjects: 2.885400 ms  DeleteObjects: 0.150100 ms)

AssetImportParameters requested are different than current active one (requested -> active):
  custom:graphics/normal-map-encoding: 01000000000000000000000000000000 -> 02000000000000000000000000000000
========================================================================
Received Import Request.
  Time since last request: 949.705391 seconds.
  path: Assets/Scenes/Main Menu.unity
  artifactKey: Guid(da175dbf7d34f4ba686381b851a4a127) Importer(815301076,1909f56bfc062723c751e8b465ee728b)
Start importing Assets/Scenes/Main Menu.unity using Guid(da175dbf7d34f4ba686381b851a4a127) Importer(815301076,1909f56bfc062723c751e8b465ee728b)  -> (artifact id: '146d27644f391e458ae7317c301a2bdf') in 0.018654 seconds
  Import took 0.023071 seconds .

========================================================================
Received Import Request.
  Time since last request: 0.000399 seconds.
  path: Assets/Scenes/Game.unity
  artifactKey: Guid(16eac817131d54c5894c344653046ed7) Importer(815301076,1909f56bfc062723c751e8b465ee728b)
Start importing Assets/Scenes/Game.unity using Guid(16eac817131d54c5894c344653046ed7) Importer(815301076,1909f56bfc062723c751e8b465ee728b)  -> (artifact id: '4b4d3c8a234a861ab94e77739e2bd1dd') in 0.003579 seconds
  Import took 0.009686 seconds .

========================================================================
Received Import Request.
  Time since last request: 1124.413097 seconds.
  path: Assets/Scenes/Untitled-2.jpg
  artifactKey: Guid(800ba6214217f764f9200be3cce11f7f) Importer(815301076,1909f56bfc062723c751e8b465ee728b)
Start importing Assets/Scenes/Untitled-2.jpg using Guid(800ba6214217f764f9200be3cce11f7f) Importer(815301076,1909f56bfc062723c751e8b465ee728b)  -> (artifact id: '2e543359bc2fb6fb0b2a270c53d764f5') in 0.247339 seconds
  Import took 0.252779 seconds .

========================================================================
Received Import Request.
  Time since last request: 61.272863 seconds.
  path: Assets/Resources/Graphics/el2_block.png
  artifactKey: Guid(7a68cab736e644722ba39a4ef31376c4) Importer(815301076,1909f56bfc062723c751e8b465ee728b)
Start importing Assets/Resources/Graphics/el2_block.png using Guid(7a68cab736e644722ba39a4ef31376c4) Importer(815301076,1909f56bfc062723c751e8b465ee728b)  -> (artifact id: '30aabdcb92bce8c1ec5dd1c341ad047b') in 0.021063 seconds
  Import took 0.027830 seconds .

========================================================================
Received Import Request.
  Time since last request: 0.000350 seconds.
  path: Assets/Resources/Graphics/long2_block.png
  artifactKey: Guid(87c9243f2a94e4947aa11707140050e9) Importer(815301076,1909f56bfc062723c751e8b465ee728b)
Start importing Assets/Resources/Graphics/long2_block.png using Guid(87c9243f2a94e4947aa11707140050e9) Importer(815301076,1909f56bfc062723c751e8b465ee728b)  -> (artifact id: '99cc414627b7afc65039a8b5f7e20798') in 0.015202 seconds
  Import took 0.022800 seconds .

========================================================================
Received Import Request.
  Time since last request: 0.000874 seconds.
  path: Assets/Resources/Graphics/long3_block.png
  artifactKey: Guid(c74d9ee20902449f9bee854432be37df) Importer(815301076,1909f56bfc062723c751e8b465ee728b)
Start importing Assets/Resources/Graphics/long3_block.png using Guid(c74d9ee20902449f9bee854432be37df) Importer(815301076,1909f56bfc062723c751e8b465ee728b)  -> (artifact id: 'fcc9014e03f6ac7c7bf4d80cc66447d1') in 0.023082 seconds
  Import took 0.031729 seconds .

========================================================================
Received Import Request.
  Time since last request: 0.000359 seconds.
  path: Assets/Resources/Graphics/empty_block.png
  artifactKey: Guid(780438892f1e743e0897d2e05438bb13) Importer(815301076,1909f56bfc062723c751e8b465ee728b)
Start importing Assets/Resources/Graphics/empty_block.png using Guid(780438892f1e743e0897d2e05438bb13) Importer(815301076,1909f56bfc062723c751e8b465ee728b)  -> (artifact id: '481579b4f1c28e96c9b6c6d401508ece') in 0.015913 seconds
  Import took 0.021590 seconds .

========================================================================
Received Import Request.
  Time since last request: 0.000445 seconds.
  path: Assets/Resources/Graphics/square2_block.png
  artifactKey: Guid(5f88ad6aad94641aebb7223aa679f30b) Importer(815301076,1909f56bfc062723c751e8b465ee728b)
Start importing Assets/Resources/Graphics/square2_block.png using Guid(5f88ad6aad94641aebb7223aa679f30b) Importer(815301076,1909f56bfc062723c751e8b465ee728b)  -> (artifact id: '8d003fd00d6e979583509072d0dc4ea6') in 0.019199 seconds
  Import took 0.026894 seconds .

========================================================================
Received Import Request.
  Time since last request: 0.000420 seconds.
  path: Assets/Resources/Graphics/square3_block.png
  artifactKey: Guid(99a485187e1d14215b1a96d632ff1d67) Importer(815301076,1909f56bfc062723c751e8b465ee728b)
Start importing Assets/Resources/Graphics/square3_block.png using Guid(99a485187e1d14215b1a96d632ff1d67) Importer(815301076,1909f56bfc062723c751e8b465ee728b)  -> (artifact id: '01432693274a2bc61d12553a430fb7df') in 0.019678 seconds
  Import took 0.027362 seconds .

========================================================================
Received Import Request.
  Time since last request: 0.000334 seconds.
  path: Assets/Resources/Graphics/el3_block.png
  artifactKey: Guid(fa8309e78cc734167bd14acf2027270d) Importer(815301076,1909f56bfc062723c751e8b465ee728b)
Start importing Assets/Resources/Graphics/el3_block.png using Guid(fa8309e78cc734167bd14acf2027270d) Importer(815301076,1909f56bfc062723c751e8b465ee728b)  -> (artifact id: 'f4d09ef1a067a9e38a6d7a811e1c71dc') in 0.021266 seconds
  Import took 0.026528 seconds .

========================================================================
Received Import Request.
  Time since last request: 0.000289 seconds.
  path: Assets/Resources/Graphics/el2_block.png
  artifactKey: Guid(7a68cab736e644722ba39a4ef31376c4) Importer(815301076,1909f56bfc062723c751e8b465ee728b)
Start importing Assets/Resources/Graphics/el2_block.png using Guid(7a68cab736e644722ba39a4ef31376c4) Importer(815301076,1909f56bfc062723c751e8b465ee728b)  -> (artifact id: '30aabdcb92bce8c1ec5dd1c341ad047b') in 0.016293 seconds
  Import took 0.022178 seconds .

========================================================================
Received Import Request.
  Time since last request: 0.000302 seconds.
  path: Assets/Resources/Graphics/long4_block.png
  artifactKey: Guid(7b1cbe3380a10448bb9650fb26959be1) Importer(815301076,1909f56bfc062723c751e8b465ee728b)
Start importing Assets/Resources/Graphics/long4_block.png using Guid(7b1cbe3380a10448bb9650fb26959be1) Importer(815301076,1909f56bfc062723c751e8b465ee728b)  -> (artifact id: '63fa4aee5078332e22021ab34794239b') in 0.018832 seconds
  Import took 0.025764 seconds .

========================================================================
Received Import Request.
  Time since last request: 0.000356 seconds.
  path: Assets/Resources/Graphics/long5_block.png
  artifactKey: Guid(1c67946337aa94064894bab0bd9b0a55) Importer(815301076,1909f56bfc062723c751e8b465ee728b)
Start importing Assets/Resources/Graphics/long5_block.png using Guid(1c67946337aa94064894bab0bd9b0a55) Importer(815301076,1909f56bfc062723c751e8b465ee728b)  -> (artifact id: 'ab352134410cae7fcdd0b92110ad4b87') in 0.020565 seconds
  Import took 0.026228 seconds .

========================================================================
Received Import Request.
  Time since last request: 0.000356 seconds.
  path: Assets/Resources/Graphics/long4_block.png
  artifactKey: Guid(7b1cbe3380a10448bb9650fb26959be1) Importer(815301076,1909f56bfc062723c751e8b465ee728b)
Start importing Assets/Resources/Graphics/long4_block.png using Guid(7b1cbe3380a10448bb9650fb26959be1) Importer(815301076,1909f56bfc062723c751e8b465ee728b)  -> (artifact id: '63fa4aee5078332e22021ab34794239b') in 0.015234 seconds
  Import took 0.021770 seconds .

========================================================================
Received Import Request.
  Time since last request: 0.000518 seconds.
  path: Assets/Resources/Graphics/square1_block.png
  artifactKey: Guid(188f54a8b657744d1a8b0ce11b76eb01) Importer(815301076,1909f56bfc062723c751e8b465ee728b)
Start importing Assets/Resources/Graphics/square1_block.png using Guid(188f54a8b657744d1a8b0ce11b76eb01) Importer(815301076,1909f56bfc062723c751e8b465ee728b)  -> (artifact id: '7f1a52aa24a47dbcc22abb2af829642d') in 0.017587 seconds
  Import took 0.023880 seconds .

========================================================================
Received Import Request.
  Time since last request: 0.024846 seconds.
  path: Assets/Resources/Graphics/long5_block.png
  artifactKey: Guid(1c67946337aa94064894bab0bd9b0a55) Importer(815301076,1909f56bfc062723c751e8b465ee728b)
Start importing Assets/Resources/Graphics/long5_block.png using Guid(1c67946337aa94064894bab0bd9b0a55) Importer(815301076,1909f56bfc062723c751e8b465ee728b)  -> (artifact id: 'ab352134410cae7fcdd0b92110ad4b87') in 0.015305 seconds
  Import took 0.023905 seconds .

========================================================================
Received Import Request.
  Time since last request: 126.124191 seconds.
  path: Assets/Resources/Rasa-Bold.ttf
  artifactKey: Guid(d50f91f5364bfd34b86bb1b644a0277c) Importer(815301076,1909f56bfc062723c751e8b465ee728b)
Start importing Assets/Resources/Rasa-Bold.ttf using Guid(d50f91f5364bfd34b86bb1b644a0277c) Importer(815301076,1909f56bfc062723c751e8b465ee728b)  -> (artifact id: '9e47b76fff848ff8f71db20c8f647686') in 0.095077 seconds
  Import took 0.101001 seconds .

========================================================================
Received Prepare
Registering precompiled user dll's ...
Registered in 0.008221 seconds.
Begin MonoManager ReloadAssembly
Native extension for WindowsStandalone target not found
Native extension for WebGL target not found
Refreshing native plugins compatible for Editor in 0.79 ms, found 1 plugins.
Preloading 0 native plugins for Editor in 0.00 ms.
Invoked RoslynAnalysisRunner static constructor.
RoslynAnalysisRunner will not be running.
RoslynAnalysisRunner has terminated.
Mono: successfully reloaded assembly
- Completed reload, in  4.043 seconds
Platform modules already initialized, skipping
Switching build target platform(5) subTarget(0) extendedPlatform(0) -> platform(13) subTarget(537395200) extendedPlatform(0)
Refreshing native plugins compatible for Editor in 1.31 ms, found 1 plugins.
Preloading 0 native plugins for Editor in 0.00 ms.
Unloading 1798 Unused Serialized files (Serialized files now loaded: 0)
System memory in use before: 88.2 MB.
System memory in use after: 88.2 MB.

Unloading 12 unused Assets to reduce memory usage. Loaded Objects now: 2322.
Total: 4.820200 ms (FindLiveObjects: 0.465800 ms CreateObjectMapping: 0.184300 ms MarkObjects: 3.966500 ms  DeleteObjects: 0.201800 ms)

AssetImportParameters requested are different than current active one (requested -> active):
  custom:graphics/normal-map-encoding: 01000000000000000000000000000000 -> 02000000000000000000000000000000
========================================================================
Received Prepare
Registering precompiled user dll's ...
Registered in 0.001743 seconds.
Begin MonoManager ReloadAssembly
Native extension for WindowsStandalone target not found
Native extension for WebGL target not found
Refreshing native plugins compatible for Editor in 0.63 ms, found 1 plugins.
Preloading 0 native plugins for Editor in 0.00 ms.
Invoked RoslynAnalysisRunner static constructor.
RoslynAnalysisRunner will not be running.
RoslynAnalysisRunner has terminated.
Mono: successfully reloaded assembly
- Completed reload, in  1.816 seconds
Platform modules already initialized, skipping
Switching build target platform(5) subTarget(0) extendedPlatform(0) -> platform(13) subTarget(537395200) extendedPlatform(0)
Refreshing native plugins compatible for Editor in 0.49 ms, found 1 plugins.
Preloading 0 native plugins for Editor in 0.00 ms.
Unloading 1798 Unused Serialized files (Serialized files now loaded: 0)
System memory in use before: 88.2 MB.
System memory in use after: 88.2 MB.

Unloading 12 unused Assets to reduce memory usage. Loaded Objects now: 2325.
Total: 4.705700 ms (FindLiveObjects: 0.689200 ms CreateObjectMapping: 0.227100 ms MarkObjects: 3.587000 ms  DeleteObjects: 0.200400 ms)

AssetImportParameters requested are different than current active one (requested -> active):
  custom:graphics/normal-map-encoding: 01000000000000000000000000000000 -> 02000000000000000000000000000000
========================================================================
Received Import Request.
  Time since last request: 156.969193 seconds.
  path: Assets/Scenes/Main Menu.unity
  artifactKey: Guid(da175dbf7d34f4ba686381b851a4a127) Importer(815301076,1909f56bfc062723c751e8b465ee728b)
Start importing Assets/Scenes/Main Menu.unity using Guid(da175dbf7d34f4ba686381b851a4a127) Importer(815301076,1909f56bfc062723c751e8b465ee728b)  -> (artifact id: '313b31c9c055873406a7f6350e8de63d') in 0.019526 seconds
  Import took 0.025170 seconds .

========================================================================
Received Import Request.
  Time since last request: 9.536324 seconds.
  path: Assets/Scenes/SampleScene.unity
  artifactKey: Guid(2cda990e2423bbf4892e6590ba056729) Importer(815301076,1909f56bfc062723c751e8b465ee728b)
Start importing Assets/Scenes/SampleScene.unity using Guid(2cda990e2423bbf4892e6590ba056729) Importer(815301076,1909f56bfc062723c751e8b465ee728b)  -> (artifact id: 'c0b1f4d2579f7c49598bd0a1282bd0e0') in 0.011126 seconds
  Import took 0.017048 seconds .

========================================================================
Received Import Request.
  Time since last request: 0.000842 seconds.
  path: Assets/Scenes/SampleScene.unity
  artifactKey: Guid(2cda990e2423bbf4892e6590ba056729) Importer(815301076,1909f56bfc062723c751e8b465ee728b)
Start importing Assets/Scenes/SampleScene.unity using Guid(2cda990e2423bbf4892e6590ba056729) Importer(815301076,1909f56bfc062723c751e8b465ee728b)  -> (artifact id: 'c0b1f4d2579f7c49598bd0a1282bd0e0') in 0.006122 seconds
  Import took 0.012117 seconds .

========================================================================
Received Import Request.
  Time since last request: 911.493570 seconds.
  path: Assets/Scenes/Untitled-3.jpg
  artifactKey: Guid(838ace4c7a814d64d97916da4ddc4626) Importer(815301076,1909f56bfc062723c751e8b465ee728b)
Start importing Assets/Scenes/Untitled-3.jpg using Guid(838ace4c7a814d64d97916da4ddc4626) Importer(815301076,1909f56bfc062723c751e8b465ee728b)  -> (artifact id: 'e8ab79cd568ce7a6a49588a9fb29ef37') in 0.099345 seconds
  Import took 0.106624 seconds .

========================================================================
Received Prepare
Registering precompiled user dll's ...
Registered in 0.001633 seconds.
Begin MonoManager ReloadAssembly
Native extension for WindowsStandalone target not found
Native extension for WebGL target not found
Refreshing native plugins compatible for Editor in 0.57 ms, found 1 plugins.
Preloading 0 native plugins for Editor in 0.00 ms.
Invoked RoslynAnalysisRunner static constructor.
RoslynAnalysisRunner will not be running.
RoslynAnalysisRunner has terminated.
Mono: successfully reloaded assembly
- Completed reload, in  2.124 seconds
Platform modules already initialized, skipping
Switching build target platform(5) subTarget(0) extendedPlatform(0) -> platform(13) subTarget(537395200) extendedPlatform(0)
Refreshing native plugins compatible for Editor in 0.45 ms, found 1 plugins.
Preloading 0 native plugins for Editor in 0.00 ms.
Unloading 1798 Unused Serialized files (Serialized files now loaded: 0)
System memory in use before: 88.3 MB.
System memory in use after: 88.2 MB.

Unloading 12 unused Assets to reduce memory usage. Loaded Objects now: 2330.
Total: 3.112400 ms (FindLiveObjects: 0.221500 ms CreateObjectMapping: 0.119300 ms MarkObjects: 2.596000 ms  DeleteObjects: 0.173400 ms)

AssetImportParameters requested are different than current active one (requested -> active):
  custom:graphics/normal-map-encoding: 01000000000000000000000000000000 -> 02000000000000000000000000000000
========================================================================
Received Prepare
Registering precompiled user dll's ...
Registered in 0.001718 seconds.
Begin MonoManager ReloadAssembly
Native extension for WindowsStandalone target not found
Native extension for WebGL target not found
Refreshing native plugins compatible for Editor in 0.75 ms, found 1 plugins.
Preloading 0 native plugins for Editor in 0.00 ms.
Invoked RoslynAnalysisRunner static constructor.
RoslynAnalysisRunner will not be running.
RoslynAnalysisRunner has terminated.
Mono: successfully reloaded assembly
- Completed reload, in  4.771 seconds
Platform modules already initialized, skipping
Switching build target platform(5) subTarget(0) extendedPlatform(0) -> platform(13) subTarget(537395200) extendedPlatform(0)
Refreshing native plugins compatible for Editor in 1.10 ms, found 1 plugins.
Preloading 0 native plugins for Editor in 0.00 ms.
Unloading 1798 Unused Serialized files (Serialized files now loaded: 0)
System memory in use before: 88.3 MB.
System memory in use after: 88.3 MB.

Unloading 12 unused Assets to reduce memory usage. Loaded Objects now: 2333.
Total: 4.994600 ms (FindLiveObjects: 0.505200 ms CreateObjectMapping: 0.518000 ms MarkObjects: 3.687300 ms  DeleteObjects: 0.280200 ms)

AssetImportParameters requested are different than current active one (requested -> active):
  custom:graphics/normal-map-encoding: 01000000000000000000000000000000 -> 02000000000000000000000000000000
========================================================================
Received Import Request.
  Time since last request: 412.836409 seconds.
  path: Assets/Scripts/Block.cs
  artifactKey: Guid(2e1f6b9d39c3045e68026f605a846ef6) Importer(815301076,1909f56bfc062723c751e8b465ee728b)
Start importing Assets/Scripts/Block.cs using Guid(2e1f6b9d39c3045e68026f605a846ef6) Importer(815301076,1909f56bfc062723c751e8b465ee728b)  -> (artifact id: 'd0f13df07aafcf9e860aea9a39eb7ac4') in 0.022913 seconds
  Import took 0.030907 seconds .

========================================================================
Received Import Request.
  Time since last request: 73.820741 seconds.
  path: Assets/Scripts/BlockPiece.cs
  artifactKey: Guid(c2c4f187a8e0a4e3c9e167234a787801) Importer(815301076,1909f56bfc062723c751e8b465ee728b)
Start importing Assets/Scripts/BlockPiece.cs using Guid(c2c4f187a8e0a4e3c9e167234a787801) Importer(815301076,1909f56bfc062723c751e8b465ee728b)  -> (artifact id: 'acc56892a26a6343b0c05158e5ea979e') in 0.007937 seconds
  Import took 0.013567 seconds .

========================================================================
Received Import Request.
  Time since last request: 5.404463 seconds.
  path: Assets/Scripts/GameManager.cs
  artifactKey: Guid(e259c2256bdab4e15a9d81d05f48a6fb) Importer(815301076,1909f56bfc062723c751e8b465ee728b)
Start importing Assets/Scripts/GameManager.cs using Guid(e259c2256bdab4e15a9d81d05f48a6fb) Importer(815301076,1909f56bfc062723c751e8b465ee728b)  -> (artifact id: '4f6c44d0666fef0a6e7024487b85fa2c') in 0.005072 seconds
  Import took 0.009979 seconds .

========================================================================
Received Import Request.
  Time since last request: 0.006304 seconds.
  path: Assets/Scripts/GameManager.cs
  artifactKey: Guid(e259c2256bdab4e15a9d81d05f48a6fb) Importer(815301076,1909f56bfc062723c751e8b465ee728b)
Start importing Assets/Scripts/GameManager.cs using Guid(e259c2256bdab4e15a9d81d05f48a6fb) Importer(815301076,1909f56bfc062723c751e8b465ee728b)  -> (artifact id: '4f6c44d0666fef0a6e7024487b85fa2c') in 0.005962 seconds
  Import took 0.011852 seconds .

========================================================================
Received Prepare
Registering precompiled user dll's ...
Registered in 0.001527 seconds.
Begin MonoManager ReloadAssembly
Native extension for WindowsStandalone target not found
Native extension for WebGL target not found
Refreshing native plugins compatible for Editor in 0.48 ms, found 1 plugins.
Preloading 0 native plugins for Editor in 0.00 ms.
Invoked RoslynAnalysisRunner static constructor.
RoslynAnalysisRunner will not be running.
RoslynAnalysisRunner has terminated.
Mono: successfully reloaded assembly
- Completed reload, in  1.815 seconds
Platform modules already initialized, skipping
Switching build target platform(5) subTarget(0) extendedPlatform(0) -> platform(13) subTarget(537395200) extendedPlatform(0)
Refreshing native plugins compatible for Editor in 0.56 ms, found 1 plugins.
Preloading 0 native plugins for Editor in 0.00 ms.
Unloading 1798 Unused Serialized files (Serialized files now loaded: 0)
System memory in use before: 88.3 MB.
System memory in use after: 88.3 MB.

Unloading 12 unused Assets to reduce memory usage. Loaded Objects now: 2336.
Total: 2.991200 ms (FindLiveObjects: 0.294600 ms CreateObjectMapping: 0.109700 ms MarkObjects: 2.422600 ms  DeleteObjects: 0.162300 ms)

AssetImportParameters requested are different than current active one (requested -> active):
  custom:graphics/normal-map-encoding: 01000000000000000000000000000000 -> 02000000000000000000000000000000
========================================================================
Received Import Request.
  Time since last request: 923.982283 seconds.
  path: Assets/Scripts/GameManager.cs
  artifactKey: Guid(e259c2256bdab4e15a9d81d05f48a6fb) Importer(815301076,1909f56bfc062723c751e8b465ee728b)
Start importing Assets/Scripts/GameManager.cs using Guid(e259c2256bdab4e15a9d81d05f48a6fb) Importer(815301076,1909f56bfc062723c751e8b465ee728b)  -> (artifact id: '3c2cb5aa9b34531218d90988ac086edf') in 0.008462 seconds
  Import took 0.012885 seconds .

========================================================================
Received Prepare
Registering precompiled user dll's ...
Registered in 0.001707 seconds.
Begin MonoManager ReloadAssembly
Native extension for WindowsStandalone target not found
Native extension for WebGL target not found
Refreshing native plugins compatible for Editor in 1.06 ms, found 1 plugins.
Preloading 0 native plugins for Editor in 0.00 ms.
Invoked RoslynAnalysisRunner static constructor.
RoslynAnalysisRunner will not be running.
RoslynAnalysisRunner has terminated.
Mono: successfully reloaded assembly
- Completed reload, in  4.898 seconds
Platform modules already initialized, skipping
Switching build target platform(5) subTarget(0) extendedPlatform(0) -> platform(13) subTarget(537395200) extendedPlatform(0)
Refreshing native plugins compatible for Editor in 0.47 ms, found 1 plugins.
Preloading 0 native plugins for Editor in 0.00 ms.
Unloading 1798 Unused Serialized files (Serialized files now loaded: 0)
System memory in use before: 88.3 MB.
System memory in use after: 88.3 MB.

Unloading 12 unused Assets to reduce memory usage. Loaded Objects now: 2339.
Total: 3.737300 ms (FindLiveObjects: 0.472200 ms CreateObjectMapping: 0.199700 ms MarkObjects: 2.911500 ms  DeleteObjects: 0.151900 ms)

AssetImportParameters requested are different than current active one (requested -> active):
  custom:graphics/normal-map-encoding: 01000000000000000000000000000000 -> 02000000000000000000000000000000
========================================================================
Received Import Request.
  Time since last request: 137.687719 seconds.
  path: Assets/Scripts
  artifactKey: Guid(208e6f809d44b48f09e52ed152781952) Importer(815301076,1909f56bfc062723c751e8b465ee728b)
Start importing Assets/Scripts using Guid(208e6f809d44b48f09e52ed152781952) Importer(815301076,1909f56bfc062723c751e8b465ee728b)  -> (artifact id: '0289c63dac4e705c414f34e984f2b5e6') in 0.012871 seconds
  Import took 0.019635 seconds .

========================================================================
Received Import Request.
  Time since last request: 0.165847 seconds.
  path: Assets/Scripts/BlockPiece.cs
  artifactKey: Guid(c2c4f187a8e0a4e3c9e167234a787801) Importer(815301076,1909f56bfc062723c751e8b465ee728b)
Start importing Assets/Scripts/BlockPiece.cs using Guid(c2c4f187a8e0a4e3c9e167234a787801) Importer(815301076,1909f56bfc062723c751e8b465ee728b)  -> (artifact id: '8ebd99ec4dde08d8ca8ad2a94b69556c') in 0.005356 seconds
  Import took 0.011504 seconds .

========================================================================
Received Import Request.
  Time since last request: 0.002022 seconds.
  path: Assets/Scripts/BlockPiece.cs
  artifactKey: Guid(c2c4f187a8e0a4e3c9e167234a787801) Importer(815301076,1909f56bfc062723c751e8b465ee728b)
Start importing Assets/Scripts/BlockPiece.cs using Guid(c2c4f187a8e0a4e3c9e167234a787801) Importer(815301076,1909f56bfc062723c751e8b465ee728b)  -> (artifact id: '8ebd99ec4dde08d8ca8ad2a94b69556c') in 0.007342 seconds
  Import took 0.015895 seconds .

========================================================================
Received Import Request.
  Time since last request: 3.057617 seconds.
  path: Assets/Scripts/GameOverDisplay.cs
  artifactKey: Guid(9f61878c03d5c4ef49012fa355d2b38f) Importer(815301076,1909f56bfc062723c751e8b465ee728b)
Start importing Assets/Scripts/GameOverDisplay.cs using Guid(9f61878c03d5c4ef49012fa355d2b38f) Importer(815301076,1909f56bfc062723c751e8b465ee728b)  -> (artifact id: '1baf17ec86ca1fbfb02414f533a77688') in 0.006739 seconds
  Import took 0.012932 seconds .

========================================================================
Received Import Request.
  Time since last request: 0.001051 seconds.
  path: Assets/Scripts/GameOverDisplay.cs
  artifactKey: Guid(9f61878c03d5c4ef49012fa355d2b38f) Importer(815301076,1909f56bfc062723c751e8b465ee728b)
Start importing Assets/Scripts/GameOverDisplay.cs using Guid(9f61878c03d5c4ef49012fa355d2b38f) Importer(815301076,1909f56bfc062723c751e8b465ee728b)  -> (artifact id: '1baf17ec86ca1fbfb02414f533a77688') in 0.007090 seconds
  Import took 0.013017 seconds .

========================================================================
Received Import Request.
  Time since last request: 9.190873 seconds.
  path: Assets/Scripts/MainMenu.cs
  artifactKey: Guid(f04bc1a9daa6c47eb86146c149bea891) Importer(815301076,1909f56bfc062723c751e8b465ee728b)
Start importing Assets/Scripts/MainMenu.cs using Guid(f04bc1a9daa6c47eb86146c149bea891) Importer(815301076,1909f56bfc062723c751e8b465ee728b)  -> (artifact id: '883701a5c98ce35eba96f2fc57627c3f') in 0.007991 seconds
  Import took 0.014787 seconds .

========================================================================
Received Import Request.
  Time since last request: 0.002423 seconds.
  path: Assets/Scripts/MainMenu.cs
  artifactKey: Guid(f04bc1a9daa6c47eb86146c149bea891) Importer(815301076,1909f56bfc062723c751e8b465ee728b)
Start importing Assets/Scripts/MainMenu.cs using Guid(f04bc1a9daa6c47eb86146c149bea891) Importer(815301076,1909f56bfc062723c751e8b465ee728b)  -> (artifact id: '883701a5c98ce35eba96f2fc57627c3f') in 0.007087 seconds
  Import took 0.014452 seconds .

========================================================================
Received Import Request.
  Time since last request: 2.718249 seconds.
  path: Assets/Scripts/ScoreManager.cs
  artifactKey: Guid(80e874dc01c0a45df8dd5ade387980c8) Importer(815301076,1909f56bfc062723c751e8b465ee728b)
Start importing Assets/Scripts/ScoreManager.cs using Guid(80e874dc01c0a45df8dd5ade387980c8) Importer(815301076,1909f56bfc062723c751e8b465ee728b)  -> (artifact id: '6319e73a7806fe3db01c1cb9f17ace5d') in 0.007835 seconds
  Import took 0.015699 seconds .

========================================================================
Received Import Request.
  Time since last request: 0.001153 seconds.
  path: Assets/Scripts/ScoreManager.cs
  artifactKey: Guid(80e874dc01c0a45df8dd5ade387980c8) Importer(815301076,1909f56bfc062723c751e8b465ee728b)
Start importing Assets/Scripts/ScoreManager.cs using Guid(80e874dc01c0a45df8dd5ade387980c8) Importer(815301076,1909f56bfc062723c751e8b465ee728b)  -> (artifact id: '6319e73a7806fe3db01c1cb9f17ace5d') in 0.007841 seconds
  Import took 0.016491 seconds .

========================================================================
Received Prepare
Registering precompiled user dll's ...
Registered in 0.001537 seconds.
Begin MonoManager ReloadAssembly
Native extension for WindowsStandalone target not found
Native extension for WebGL target not found
Refreshing native plugins compatible for Editor in 0.50 ms, found 1 plugins.
Preloading 0 native plugins for Editor in 0.00 ms.
Invoked RoslynAnalysisRunner static constructor.
RoslynAnalysisRunner will not be running.
RoslynAnalysisRunner has terminated.
Mono: successfully reloaded assembly
- Completed reload, in  2.206 seconds
Platform modules already initialized, skipping
Switching build target platform(5) subTarget(0) extendedPlatform(0) -> platform(13) subTarget(537395200) extendedPlatform(0)
Refreshing native plugins compatible for Editor in 0.46 ms, found 1 plugins.
Preloading 0 native plugins for Editor in 0.00 ms.
Unloading 1798 Unused Serialized files (Serialized files now loaded: 0)
System memory in use before: 88.3 MB.
System memory in use after: 88.3 MB.

Unloading 12 unused Assets to reduce memory usage. Loaded Objects now: 2342.
Total: 3.833300 ms (FindLiveObjects: 0.920800 ms CreateObjectMapping: 0.159000 ms MarkObjects: 2.576600 ms  DeleteObjects: 0.174900 ms)

AssetImportParameters requested are different than current active one (requested -> active):
  custom:graphics/normal-map-encoding: 01000000000000000000000000000000 -> 02000000000000000000000000000000
========================================================================
Received Import Request.
  Time since last request: 16.416331 seconds.
  path: Assets/Scripts/ScoreManager.cs
  artifactKey: Guid(80e874dc01c0a45df8dd5ade387980c8) Importer(815301076,1909f56bfc062723c751e8b465ee728b)
Start importing Assets/Scripts/ScoreManager.cs using Guid(80e874dc01c0a45df8dd5ade387980c8) Importer(815301076,1909f56bfc062723c751e8b465ee728b)  -> (artifact id: 'e5052e459a4de1bed1ba66be0aaa4d84') in 0.008796 seconds
  Import took 0.053387 seconds .

========================================================================
Received Import Request.
  Time since last request: 0.000370 seconds.
  path: Assets/Scripts/Timer.cs
  artifactKey: Guid(5cbb0110aea414abda31ceb159d5d58f) Importer(815301076,1909f56bfc062723c751e8b465ee728b)
Start importing Assets/Scripts/Timer.cs using Guid(5cbb0110aea414abda31ceb159d5d58f) Importer(815301076,1909f56bfc062723c751e8b465ee728b)  -> (artifact id: '1ab8acf8507441e7466e6a3235ceca43') in 0.007600 seconds
  Import took 0.012240 seconds .

========================================================================
Received Prepare
Registering precompiled user dll's ...
Registered in 0.002669 seconds.
Begin MonoManager ReloadAssembly
Native extension for WindowsStandalone target not found
Native extension for WebGL target not found
Refreshing native plugins compatible for Editor in 0.51 ms, found 1 plugins.
Preloading 0 native plugins for Editor in 0.00 ms.
Invoked RoslynAnalysisRunner static constructor.
RoslynAnalysisRunner will not be running.
RoslynAnalysisRunner has terminated.
Mono: successfully reloaded assembly
- Completed reload, in  1.818 seconds
Platform modules already initialized, skipping
Switching build target platform(5) subTarget(0) extendedPlatform(0) -> platform(13) subTarget(537395200) extendedPlatform(0)
Refreshing native plugins compatible for Editor in 0.68 ms, found 1 plugins.
Preloading 0 native plugins for Editor in 0.00 ms.
Unloading 1798 Unused Serialized files (Serialized files now loaded: 0)
System memory in use before: 88.3 MB.
System memory in use after: 88.3 MB.

Unloading 12 unused Assets to reduce memory usage. Loaded Objects now: 2345.
Total: 3.791000 ms (FindLiveObjects: 0.551300 ms CreateObjectMapping: 0.149500 ms MarkObjects: 2.936200 ms  DeleteObjects: 0.151500 ms)

AssetImportParameters requested are different than current active one (requested -> active):
  custom:graphics/normal-map-encoding: 01000000000000000000000000000000 -> 02000000000000000000000000000000
========================================================================
Received Import Request.
  Time since last request: 32.644105 seconds.
  path: Assets/Scripts/Timer.cs
  artifactKey: Guid(5cbb0110aea414abda31ceb159d5d58f) Importer(815301076,1909f56bfc062723c751e8b465ee728b)
Start importing Assets/Scripts/Timer.cs using Guid(5cbb0110aea414abda31ceb159d5d58f) Importer(815301076,1909f56bfc062723c751e8b465ee728b)  -> (artifact id: '4bca7d7444a334bd0fee40f447207cb6') in 0.007382 seconds
  Import took 0.011755 seconds .

========================================================================
Received Import Request.
  Time since last request: 2313.953150 seconds.
  path: Assets/Resources/Untitled-6.jpg
  artifactKey: Guid(9b876da39a9ad204ea73d88fbd4f972e) Importer(815301076,1909f56bfc062723c751e8b465ee728b)
Start importing Assets/Resources/Untitled-6.jpg using Guid(9b876da39a9ad204ea73d88fbd4f972e) Importer(815301076,1909f56bfc062723c751e8b465ee728b)  -> (artifact id: 'e19a9398b926287793961b637c5a6a8d') in 0.088741 seconds
  Import took 0.094625 seconds .

========================================================================
Received Import Request.
  Time since last request: 95.414685 seconds.
  path: Assets/Resources/Graphics
  artifactKey: Guid(1e3e15b4cb8f842089c85752d7977844) Importer(815301076,1909f56bfc062723c751e8b465ee728b)
Start importing Assets/Resources/Graphics using Guid(1e3e15b4cb8f842089c85752d7977844) Importer(815301076,1909f56bfc062723c751e8b465ee728b)  -> (artifact id: 'fc1306342126a11765804c12af9c09ed') in 0.004100 seconds
  Import took 0.010580 seconds .

========================================================================
Received Import Request.
  Time since last request: 1.775711 seconds.
  path: Assets/Resources/Prefabs
  artifactKey: Guid(f5aff3cba24e2475689c6a7c1cfd53e6) Importer(815301076,1909f56bfc062723c751e8b465ee728b)
Start importing Assets/Resources/Prefabs using Guid(f5aff3cba24e2475689c6a7c1cfd53e6) Importer(815301076,1909f56bfc062723c751e8b465ee728b)  -> (artifact id: '8cd28f92e66accfb23a41d16c878559d') in 0.005235 seconds
  Import took 0.010219 seconds .

========================================================================
Received Import Request.
  Time since last request: 0.000845 seconds.
  path: Assets/Resources/Prefabs
  artifactKey: Guid(f5aff3cba24e2475689c6a7c1cfd53e6) Importer(815301076,1909f56bfc062723c751e8b465ee728b)
Start importing Assets/Resources/Prefabs using Guid(f5aff3cba24e2475689c6a7c1cfd53e6) Importer(815301076,1909f56bfc062723c751e8b465ee728b)  -> (artifact id: '8cd28f92e66accfb23a41d16c878559d') in 0.003310 seconds
  Import took 0.008922 seconds .

========================================================================
Received Import Request.
  Time since last request: 0.059709 seconds.
  path: Assets/Resources/Prefabs/Grid.prefab
  artifactKey: Guid(1d3659581d98648bb963cb7a7f0eee6c) Importer(815301076,1909f56bfc062723c751e8b465ee728b)
Start importing Assets/Resources/Prefabs/Grid.prefab using Guid(1d3659581d98648bb963cb7a7f0eee6c) Importer(815301076,1909f56bfc062723c751e8b465ee728b)  -> (artifact id: '9529281c972e3e74d854ae5ea086344d') in 0.142259 seconds
  Import took 0.148178 seconds .

========================================================================
Received Import Request.
  Time since last request: 7.651661 seconds.
  path: Assets/Resources/Prefabs/Blocks
  artifactKey: Guid(ab0f5069f92e747859f2d346469d0007) Importer(815301076,1909f56bfc062723c751e8b465ee728b)
Start importing Assets/Resources/Prefabs/Blocks using Guid(ab0f5069f92e747859f2d346469d0007) Importer(815301076,1909f56bfc062723c751e8b465ee728b)  -> (artifact id: '963e4d6fb69d9db1198a668101f9fa3d') in 0.005758 seconds
  Import took 0.010420 seconds .

========================================================================
Received Import Request.
  Time since last request: 0.058656 seconds.
  path: Assets/Resources/Prefabs/Blocks/El2.prefab
  artifactKey: Guid(4ab60c86a2c054784b8453814c1b40dc) Importer(815301076,1909f56bfc062723c751e8b465ee728b)
Start importing Assets/Resources/Prefabs/Blocks/El2.prefab using Guid(4ab60c86a2c054784b8453814c1b40dc) Importer(815301076,1909f56bfc062723c751e8b465ee728b)  -> (artifact id: 'cdfa28eab78523f30f154371281af1c8') in 0.050050 seconds
  Import took 0.055315 seconds .

========================================================================
Received Import Request.
  Time since last request: 0.000458 seconds.
  path: Assets/Resources/Prefabs/Blocks/Long4.prefab
  artifactKey: Guid(ba50c0ae5df3447309971f64624d17d6) Importer(815301076,1909f56bfc062723c751e8b465ee728b)
Start importing Assets/Resources/Prefabs/Blocks/Long4.prefab using Guid(ba50c0ae5df3447309971f64624d17d6) Importer(815301076,1909f56bfc062723c751e8b465ee728b)  -> (artifact id: '71a5cdc9ec314f0b94f4775f28e1571c') in 0.021370 seconds
  Import took 0.031369 seconds .

========================================================================
Received Import Request.
  Time since last request: 0.002527 seconds.
  path: Assets/Resources/Prefabs/Blocks/Square2.prefab
  artifactKey: Guid(1696f5061a8e9475bb58696b3e8e857d) Importer(815301076,1909f56bfc062723c751e8b465ee728b)
Start importing Assets/Resources/Prefabs/Blocks/Square2.prefab using Guid(1696f5061a8e9475bb58696b3e8e857d) Importer(815301076,1909f56bfc062723c751e8b465ee728b)  -> (artifact id: '13504c35e0aa3b67ccfcbf8e51df94ea') in 0.032851 seconds
  Import took 0.038919 seconds .

========================================================================
Received Import Request.
  Time since last request: 0.000345 seconds.
  path: Assets/Resources/Prefabs/Blocks/Square3.prefab
  artifactKey: Guid(30a0c6e914b8d44bd8fe058cc6f22ee1) Importer(815301076,1909f56bfc062723c751e8b465ee728b)
Start importing Assets/Resources/Prefabs/Blocks/Square3.prefab using Guid(30a0c6e914b8d44bd8fe058cc6f22ee1) Importer(815301076,1909f56bfc062723c751e8b465ee728b)  -> (artifact id: '0bcde7424a3cee48403faaee5bb5e315') in 0.039156 seconds
  Import took 0.058681 seconds .

========================================================================
Received Import Request.
  Time since last request: 0.000369 seconds.
  path: Assets/Resources/Prefabs/Blocks/Long3.prefab
  artifactKey: Guid(70114c41b3f3140fc9ecde2f2a8f1549) Importer(815301076,1909f56bfc062723c751e8b465ee728b)
Start importing Assets/Resources/Prefabs/Blocks/Long3.prefab using Guid(70114c41b3f3140fc9ecde2f2a8f1549) Importer(815301076,1909f56bfc062723c751e8b465ee728b)  -> (artifact id: 'fad49f8a4c788ec02918e73b69389b57') in 0.021893 seconds
  Import took 0.027679 seconds .

========================================================================
Received Import Request.
  Time since last request: 0.000305 seconds.
  path: Assets/Resources/Prefabs/Blocks/Long5.prefab
  artifactKey: Guid(24ae485f271974eddbada6c549f2235a) Importer(815301076,1909f56bfc062723c751e8b465ee728b)
Start importing Assets/Resources/Prefabs/Blocks/Long5.prefab using Guid(24ae485f271974eddbada6c549f2235a) Importer(815301076,1909f56bfc062723c751e8b465ee728b)  -> (artifact id: '808444acb165e798bbc5d653a3bf85ea') in 0.026745 seconds
  Import took 0.035087 seconds .

========================================================================
Received Import Request.
  Time since last request: 0.000469 seconds.
  path: Assets/Resources/Prefabs/Blocks/Square1.prefab
  artifactKey: Guid(3e15b890392b3485db3e8cda8f7e7c2f) Importer(815301076,1909f56bfc062723c751e8b465ee728b)
Start importing Assets/Resources/Prefabs/Blocks/Square1.prefab using Guid(3e15b890392b3485db3e8cda8f7e7c2f) Importer(815301076,1909f56bfc062723c751e8b465ee728b)  -> (artifact id: '2a7c2fbfecbbb99e7185e04fb191938c') in 0.023922 seconds
  Import took 0.030818 seconds .

========================================================================
Received Import Request.
  Time since last request: 0.000328 seconds.
  path: Assets/Resources/Prefabs/Blocks/Long2.prefab
  artifactKey: Guid(e09b7e25cd6364ac3b6d5763658e4448) Importer(815301076,1909f56bfc062723c751e8b465ee728b)
Start importing Assets/Resources/Prefabs/Blocks/Long2.prefab using Guid(e09b7e25cd6364ac3b6d5763658e4448) Importer(815301076,1909f56bfc062723c751e8b465ee728b)  -> (artifact id: '62261204445a1e8593a60d122c7f465a') in 0.026765 seconds
  Import took 0.036277 seconds .

========================================================================
Received Import Request.
  Time since last request: 0.000400 seconds.
  path: Assets/Resources/Prefabs/Blocks/El3.prefab
  artifactKey: Guid(c7f6893241fe144009f7e1ade85e35dd) Importer(815301076,1909f56bfc062723c751e8b465ee728b)
Start importing Assets/Resources/Prefabs/Blocks/El3.prefab using Guid(c7f6893241fe144009f7e1ade85e35dd) Importer(815301076,1909f56bfc062723c751e8b465ee728b)  -> (artifact id: '8c16cfd9a3cedd0e7e313a7597e672f1') in 0.028885 seconds
  Import took 0.035999 seconds .

========================================================================
Received Import Request.
  Time since last request: 2.280803 seconds.
  path: Assets/Resources/Prefabs/BlockPieces
  artifactKey: Guid(c73d30b58dc294e6db60d4cf94ae516f) Importer(815301076,1909f56bfc062723c751e8b465ee728b)
Start importing Assets/Resources/Prefabs/BlockPieces using Guid(c73d30b58dc294e6db60d4cf94ae516f) Importer(815301076,1909f56bfc062723c751e8b465ee728b)  -> (artifact id: '31704ec4df0c6eea8af0a3a9f5895fdc') in 0.005335 seconds
  Import took 0.010925 seconds .

========================================================================
Received Import Request.
  Time since last request: 0.076791 seconds.
  path: Assets/Resources/Prefabs/BlockPieces/el2_block.prefab
  artifactKey: Guid(23857ac4ab21c4e12a793cc2b9866d07) Importer(815301076,1909f56bfc062723c751e8b465ee728b)
Start importing Assets/Resources/Prefabs/BlockPieces/el2_block.prefab using Guid(23857ac4ab21c4e12a793cc2b9866d07) Importer(815301076,1909f56bfc062723c751e8b465ee728b)  -> (artifact id: 'ce47950bb23765fd1daa75cb1f1d611f') in 0.059283 seconds
  Import took 0.063693 seconds .

========================================================================
Received Import Request.
  Time since last request: 0.000461 seconds.
  path: Assets/Resources/Prefabs/BlockPieces/el3_block.prefab
  artifactKey: Guid(2529ef120240348349aa22f9cb60671b) Importer(815301076,1909f56bfc062723c751e8b465ee728b)
Start importing Assets/Resources/Prefabs/BlockPieces/el3_block.prefab using Guid(2529ef120240348349aa22f9cb60671b) Importer(815301076,1909f56bfc062723c751e8b465ee728b)  -> (artifact id: '5e85585a30de1fb7d39cee2c38ea480b') in 0.012715 seconds
  Import took 0.016984 seconds .

========================================================================
Received Import Request.
  Time since last request: 0.000454 seconds.
  path: Assets/Resources/Prefabs/BlockPieces/long2_block.prefab
  artifactKey: Guid(c469c10af21fa411c8b207125d6213b3) Importer(815301076,1909f56bfc062723c751e8b465ee728b)
Start importing Assets/Resources/Prefabs/BlockPieces/long2_block.prefab using Guid(c469c10af21fa411c8b207125d6213b3) Importer(815301076,1909f56bfc062723c751e8b465ee728b)  -> (artifact id: '547957eb4ea18a9a07e248a8e82f1d9d') in 0.012487 seconds
  Import took 0.016829 seconds .

========================================================================
Received Import Request.
  Time since last request: 0.000427 seconds.
  path: Assets/Resources/Prefabs/BlockPieces/long4_block.prefab
  artifactKey: Guid(0ca2437bcb4b5449e937ad56d0d8808a) Importer(815301076,1909f56bfc062723c751e8b465ee728b)
Start importing Assets/Resources/Prefabs/BlockPieces/long4_block.prefab using Guid(0ca2437bcb4b5449e937ad56d0d8808a) Importer(815301076,1909f56bfc062723c751e8b465ee728b)  -> (artifact id: '59820f7bcb87d15b4133e23252b09d53') in 0.013558 seconds
  Import took 0.018395 seconds .

========================================================================
Received Import Request.
  Time since last request: 0.000356 seconds.
  path: Assets/Resources/Prefabs/BlockPieces/long5_block.prefab
  artifactKey: Guid(6be7fd43cbdbd4678b07d13698617f58) Importer(815301076,1909f56bfc062723c751e8b465ee728b)
Start importing Assets/Resources/Prefabs/BlockPieces/long5_block.prefab using Guid(6be7fd43cbdbd4678b07d13698617f58) Importer(815301076,1909f56bfc062723c751e8b465ee728b)  -> (artifact id: '456b71bcb199b5121c32ebaecabb78d7') in 0.016203 seconds
  Import took 0.026959 seconds .

========================================================================
Received Import Request.
  Time since last request: 0.000390 seconds.
  path: Assets/Resources/Prefabs/BlockPieces/square1_block.prefab
  artifactKey: Guid(9e3865d227e004a88b74b059c9afbaa3) Importer(815301076,1909f56bfc062723c751e8b465ee728b)
Start importing Assets/Resources/Prefabs/BlockPieces/square1_block.prefab using Guid(9e3865d227e004a88b74b059c9afbaa3) Importer(815301076,1909f56bfc062723c751e8b465ee728b)  -> (artifact id: '3af5694d13645a7314ac67cdaf02a521') in 0.018207 seconds
  Import took 0.024313 seconds .

========================================================================
Received Import Request.
  Time since last request: 0.000766 seconds.
  path: Assets/Resources/Prefabs/BlockPieces/empty_block.prefab
  artifactKey: Guid(108704bdaf62c42d3bbfebb7e2230766) Importer(815301076,1909f56bfc062723c751e8b465ee728b)
Start importing Assets/Resources/Prefabs/BlockPieces/empty_block.prefab using Guid(108704bdaf62c42d3bbfebb7e2230766) Importer(815301076,1909f56bfc062723c751e8b465ee728b)  -> (artifact id: 'd10421f5d25392ec7283e691e1e25bbf') in 0.019538 seconds
  Import took 0.024730 seconds .

========================================================================
Received Import Request.
  Time since last request: 0.000390 seconds.
  path: Assets/Resources/Prefabs/BlockPieces/long3_block.prefab
  artifactKey: Guid(ff9aff6bdb7b946c4b0adf1a91b70397) Importer(815301076,1909f56bfc062723c751e8b465ee728b)
Start importing Assets/Resources/Prefabs/BlockPieces/long3_block.prefab using Guid(ff9aff6bdb7b946c4b0adf1a91b70397) Importer(815301076,1909f56bfc062723c751e8b465ee728b)  -> (artifact id: '19fde7577b46a98fd70259a7099bcb55') in 0.020170 seconds
  Import took 0.026782 seconds .

========================================================================
Received Import Request.
  Time since last request: 0.000486 seconds.
  path: Assets/Resources/Prefabs/BlockPieces/square2_block.prefab
  artifactKey: Guid(278056c9d3f2c44058f842e6866195b5) Importer(815301076,1909f56bfc062723c751e8b465ee728b)
Start importing Assets/Resources/Prefabs/BlockPieces/square2_block.prefab using Guid(278056c9d3f2c44058f842e6866195b5) Importer(815301076,1909f56bfc062723c751e8b465ee728b)  -> (artifact id: '482d15e3aa08bf11251140f3f0edfff4') in 0.018864 seconds
  Import took 0.026958 seconds .

========================================================================
Received Import Request.
  Time since last request: 0.393192 seconds.
  path: Assets/Resources/Prefabs/BlockPieces/square3_block.prefab
  artifactKey: Guid(c82f538cd5d514ca1b643dec88105dfd) Importer(815301076,1909f56bfc062723c751e8b465ee728b)
Start importing Assets/Resources/Prefabs/BlockPieces/square3_block.prefab using Guid(c82f538cd5d514ca1b643dec88105dfd) Importer(815301076,1909f56bfc062723c751e8b465ee728b)  -> (artifact id: 'a48b1dcf47f8325598f33317dc95f517') in 0.077730 seconds
  Import took 0.082812 seconds .

========================================================================
Received Import Request.
  Time since last request: 9.033085 seconds.
  path: Assets/Resources/Prefabs/BlockPieces/empty_block.prefab
  artifactKey: Guid(108704bdaf62c42d3bbfebb7e2230766) Importer(815301076,1909f56bfc062723c751e8b465ee728b)
Start importing Assets/Resources/Prefabs/BlockPieces/empty_block.prefab using Guid(108704bdaf62c42d3bbfebb7e2230766) Importer(815301076,1909f56bfc062723c751e8b465ee728b)  -> (artifact id: '888127bf930f51d53288c5556afb4319') in 0.019827 seconds
  Import took 0.026614 seconds .

========================================================================
Received Import Request.
  Time since last request: 5.431149 seconds.
  path: Assets/Resources/Prefabs/BlockPieces/empty_block.prefab
  artifactKey: Guid(108704bdaf62c42d3bbfebb7e2230766) Importer(815301076,1909f56bfc062723c751e8b465ee728b)
Start importing Assets/Resources/Prefabs/BlockPieces/empty_block.prefab using Guid(108704bdaf62c42d3bbfebb7e2230766) Importer(815301076,1909f56bfc062723c751e8b465ee728b)  -> (artifact id: '1b88159e6f3ce46aa441212b6691e5dd') in 0.022064 seconds
  Import took 0.027949 seconds .

========================================================================
Received Prepare
Registering precompiled user dll's ...
Registered in 0.001954 seconds.
Begin MonoManager ReloadAssembly
Native extension for WindowsStandalone target not found
Native extension for WebGL target not found
Refreshing native plugins compatible for Editor in 0.55 ms, found 1 plugins.
Preloading 0 native plugins for Editor in 0.00 ms.
Invoked RoslynAnalysisRunner static constructor.
RoslynAnalysisRunner will not be running.
RoslynAnalysisRunner has terminated.
Mono: successfully reloaded assembly
- Completed reload, in  2.105 seconds
Platform modules already initialized, skipping
Switching build target platform(5) subTarget(0) extendedPlatform(0) -> platform(13) subTarget(537395200) extendedPlatform(0)
Refreshing native plugins compatible for Editor in 0.48 ms, found 1 plugins.
Preloading 0 native plugins for Editor in 0.00 ms.
Unloading 1798 Unused Serialized files (Serialized files now loaded: 0)
System memory in use before: 88.6 MB.
System memory in use after: 88.6 MB.

Unloading 12 unused Assets to reduce memory usage. Loaded Objects now: 2351.
Total: 3.048900 ms (FindLiveObjects: 0.299700 ms CreateObjectMapping: 0.156800 ms MarkObjects: 2.440400 ms  DeleteObjects: 0.150500 ms)

AssetImportParameters requested are different than current active one (requested -> active):
  custom:graphics/normal-map-encoding: 01000000000000000000000000000000 -> 02000000000000000000000000000000
========================================================================
Received Prepare
Registering precompiled user dll's ...
Registered in 0.001776 seconds.
Begin MonoManager ReloadAssembly
Native extension for WindowsStandalone target not found
Native extension for WebGL target not found
Refreshing native plugins compatible for Editor in 0.47 ms, found 1 plugins.
Preloading 0 native plugins for Editor in 0.00 ms.
Invoked RoslynAnalysisRunner static constructor.
RoslynAnalysisRunner will not be running.
RoslynAnalysisRunner has terminated.
Mono: successfully reloaded assembly
- Completed reload, in  1.830 seconds
Platform modules already initialized, skipping
Switching build target platform(5) subTarget(0) extendedPlatform(0) -> platform(13) subTarget(537395200) extendedPlatform(0)
Refreshing native plugins compatible for Editor in 0.48 ms, found 1 plugins.
Preloading 0 native plugins for Editor in 0.00 ms.
Unloading 1798 Unused Serialized files (Serialized files now loaded: 0)
System memory in use before: 88.6 MB.
System memory in use after: 88.6 MB.

Unloading 12 unused Assets to reduce memory usage. Loaded Objects now: 2354.
Total: 3.375500 ms (FindLiveObjects: 0.492300 ms CreateObjectMapping: 0.121900 ms MarkObjects: 2.606500 ms  DeleteObjects: 0.152700 ms)

AssetImportParameters requested are different than current active one (requested -> active):
  custom:graphics/normal-map-encoding: 01000000000000000000000000000000 -> 02000000000000000000000000000000
========================================================================
Received Import Request.
  Time since last request: 520.240718 seconds.
  path: Assets/Resources/Prefabs/Grid.prefab
  artifactKey: Guid(1d3659581d98648bb963cb7a7f0eee6c) Importer(815301076,1909f56bfc062723c751e8b465ee728b)
Start importing Assets/Resources/Prefabs/Grid.prefab using Guid(1d3659581d98648bb963cb7a7f0eee6c) Importer(815301076,1909f56bfc062723c751e8b465ee728b)  -> (artifact id: 'a7bdd5bb500a147e6d04f7dadc2611b0') in 0.100963 seconds
  Import took 0.131966 seconds .

========================================================================
Received Import Request.
  Time since last request: 1.524038 seconds.
  path: Assets/Scenes/Game.unity
  artifactKey: Guid(16eac817131d54c5894c344653046ed7) Importer(815301076,1909f56bfc062723c751e8b465ee728b)
Start importing Assets/Scenes/Game.unity using Guid(16eac817131d54c5894c344653046ed7) Importer(815301076,1909f56bfc062723c751e8b465ee728b)  -> (artifact id: 'f3a02f00fd72bbcca710d7ed8ffa41e6') in 0.005893 seconds
  Import took 0.011040 seconds .

========================================================================
Received Import Request.
  Time since last request: 0.001417 seconds.
  path: Assets/Scenes/Game.unity
  artifactKey: Guid(16eac817131d54c5894c344653046ed7) Importer(815301076,1909f56bfc062723c751e8b465ee728b)
Start importing Assets/Scenes/Game.unity using Guid(16eac817131d54c5894c344653046ed7) Importer(815301076,1909f56bfc062723c751e8b465ee728b)  -> (artifact id: 'f3a02f00fd72bbcca710d7ed8ffa41e6') in 0.006387 seconds
  Import took 0.012783 seconds .

========================================================================
Received Import Request.
  Time since last request: 2198.785947 seconds.
  path: Assets/Scenes/Main Menu.unity
  artifactKey: Guid(da175dbf7d34f4ba686381b851a4a127) Importer(815301076,1909f56bfc062723c751e8b465ee728b)
Start importing Assets/Scenes/Main Menu.unity using Guid(da175dbf7d34f4ba686381b851a4a127) Importer(815301076,1909f56bfc062723c751e8b465ee728b)  -> (artifact id: 'ff5dff92486f4cdbac566ff7ba2fbdca') in 0.006934 seconds
  Import took 0.016076 seconds .

========================================================================
Received Import Request.
  Time since last request: 0.001827 seconds.
  path: Assets/Scenes/Main Menu.unity
  artifactKey: Guid(da175dbf7d34f4ba686381b851a4a127) Importer(815301076,1909f56bfc062723c751e8b465ee728b)
Start importing Assets/Scenes/Main Menu.unity using Guid(da175dbf7d34f4ba686381b851a4a127) Importer(815301076,1909f56bfc062723c751e8b465ee728b)  -> (artifact id: 'ff5dff92486f4cdbac566ff7ba2fbdca') in 0.005375 seconds
  Import took 0.011145 seconds .

========================================================================
Received Import Request.
  Time since last request: 151.715968 seconds.
  path: Assets/Scenes/Main Menu.unity
  artifactKey: Guid(da175dbf7d34f4ba686381b851a4a127) Importer(815301076,1909f56bfc062723c751e8b465ee728b)
Start importing Assets/Scenes/Main Menu.unity using Guid(da175dbf7d34f4ba686381b851a4a127) Importer(815301076,1909f56bfc062723c751e8b465ee728b)  -> (artifact id: '4e1dccddea5dc6f32f4dd3877c7ac723') in 0.005914 seconds
  Import took 0.012866 seconds .

========================================================================
Received Prepare
Registering precompiled user dll's ...
Registered in 0.002282 seconds.
Begin MonoManager ReloadAssembly
Native extension for WindowsStandalone target not found
Native extension for WebGL target not found
Refreshing native plugins compatible for Editor in 0.50 ms, found 1 plugins.
Preloading 0 native plugins for Editor in 0.00 ms.
Invoked RoslynAnalysisRunner static constructor.
RoslynAnalysisRunner will not be running.
RoslynAnalysisRunner has terminated.
Mono: successfully reloaded assembly
- Completed reload, in  2.326 seconds
Platform modules already initialized, skipping
Switching build target platform(5) subTarget(0) extendedPlatform(0) -> platform(13) subTarget(537395200) extendedPlatform(0)
Refreshing native plugins compatible for Editor in 0.48 ms, found 1 plugins.
Preloading 0 native plugins for Editor in 0.00 ms.
Unloading 1798 Unused Serialized files (Serialized files now loaded: 0)
System memory in use before: 88.6 MB.
System memory in use after: 88.6 MB.

Unloading 12 unused Assets to reduce memory usage. Loaded Objects now: 2358.
Total: 4.117600 ms (FindLiveObjects: 0.444300 ms CreateObjectMapping: 0.184800 ms MarkObjects: 3.328500 ms  DeleteObjects: 0.158000 ms)

AssetImportParameters requested are different than current active one (requested -> active):
  custom:graphics/normal-map-encoding: 01000000000000000000000000000000 -> 02000000000000000000000000000000
========================================================================
Received Prepare
Registering precompiled user dll's ...
Registered in 0.001640 seconds.
Begin MonoManager ReloadAssembly
Native extension for WindowsStandalone target not found
Native extension for WebGL target not found
Refreshing native plugins compatible for Editor in 0.61 ms, found 1 plugins.
Preloading 0 native plugins for Editor in 0.00 ms.
Invoked RoslynAnalysisRunner static constructor.
RoslynAnalysisRunner will not be running.
RoslynAnalysisRunner has terminated.
Mono: successfully reloaded assembly
- Completed reload, in  1.974 seconds
Platform modules already initialized, skipping
Switching build target platform(5) subTarget(0) extendedPlatform(0) -> platform(13) subTarget(537395200) extendedPlatform(0)
Refreshing native plugins compatible for Editor in 0.46 ms, found 1 plugins.
Preloading 0 native plugins for Editor in 0.00 ms.
Unloading 1798 Unused Serialized files (Serialized files now loaded: 0)
System memory in use before: 88.6 MB.
System memory in use after: 88.6 MB.

Unloading 12 unused Assets to reduce memory usage. Loaded Objects now: 2361.
Total: 3.354100 ms (FindLiveObjects: 0.267800 ms CreateObjectMapping: 0.111300 ms MarkObjects: 2.820100 ms  DeleteObjects: 0.152900 ms)

AssetImportParameters requested are different than current active one (requested -> active):
  custom:graphics/normal-map-encoding: 01000000000000000000000000000000 -> 02000000000000000000000000000000
========================================================================
Received Import Request.
  Time since last request: 1362.831238 seconds.
  path: Assets/Resources/Untitled-2.jpg
  artifactKey: Guid(800ba6214217f764f9200be3cce11f7f) Importer(815301076,1909f56bfc062723c751e8b465ee728b)
Start importing Assets/Resources/Untitled-2.jpg using Guid(800ba6214217f764f9200be3cce11f7f) Importer(815301076,1909f56bfc062723c751e8b465ee728b)  -> (artifact id: 'c1a202804e0604f66d33bb8ecc8ffb9d') in 0.556587 seconds
  Import took 0.609840 seconds .

========================================================================
Received Prepare
Registering precompiled user dll's ...
Registered in 0.001846 seconds.
Begin MonoManager ReloadAssembly
Native extension for WindowsStandalone target not found
Native extension for WebGL target not found
Refreshing native plugins compatible for Editor in 1.21 ms, found 1 plugins.
Preloading 0 native plugins for Editor in 0.00 ms.
Invoked RoslynAnalysisRunner static constructor.
RoslynAnalysisRunner will not be running.
RoslynAnalysisRunner has terminated.
Mono: successfully reloaded assembly
- Completed reload, in  6.744 seconds
Platform modules already initialized, skipping
Switching build target platform(5) subTarget(0) extendedPlatform(0) -> platform(13) subTarget(537395200) extendedPlatform(0)
Refreshing native plugins compatible for Editor in 0.92 ms, found 1 plugins.
Preloading 0 native plugins for Editor in 0.00 ms.
Unloading 1798 Unused Serialized files (Serialized files now loaded: 0)
System memory in use before: 88.7 MB.
System memory in use after: 88.6 MB.

Unloading 12 unused Assets to reduce memory usage. Loaded Objects now: 2365.
Total: 6.503400 ms (FindLiveObjects: 0.438300 ms CreateObjectMapping: 0.267000 ms MarkObjects: 5.400500 ms  DeleteObjects: 0.395000 ms)

AssetImportParameters requested are different than current active one (requested -> active):
  custom:graphics/normal-map-encoding: 01000000000000000000000000000000 -> 02000000000000000000000000000000
========================================================================
Received Prepare
Registering precompiled user dll's ...
Registered in 0.004007 seconds.
Begin MonoManager ReloadAssembly
Native extension for WindowsStandalone target not found
Native extension for WebGL target not found
Refreshing native plugins compatible for Editor in 1.14 ms, found 1 plugins.
Preloading 0 native plugins for Editor in 0.00 ms.
Invoked RoslynAnalysisRunner static constructor.
RoslynAnalysisRunner will not be running.
RoslynAnalysisRunner has terminated.
Mono: successfully reloaded assembly
- Completed reload, in  5.500 seconds
Platform modules already initialized, skipping
Switching build target platform(5) subTarget(0) extendedPlatform(0) -> platform(13) subTarget(537395200) extendedPlatform(0)
Refreshing native plugins compatible for Editor in 2.01 ms, found 1 plugins.
Preloading 0 native plugins for Editor in 0.00 ms.
Unloading 1798 Unused Serialized files (Serialized files now loaded: 0)
System memory in use before: 88.7 MB.
System memory in use after: 88.7 MB.

Unloading 12 unused Assets to reduce memory usage. Loaded Objects now: 2368.
Total: 5.671700 ms (FindLiveObjects: 0.389600 ms CreateObjectMapping: 0.144400 ms MarkObjects: 4.926400 ms  DeleteObjects: 0.209100 ms)

AssetImportParameters requested are different than current active one (requested -> active):
  custom:graphics/normal-map-encoding: 01000000000000000000000000000000 -> 02000000000000000000000000000000
========================================================================
Received Prepare
Registering precompiled user dll's ...
Registered in 0.004343 seconds.
Begin MonoManager ReloadAssembly
Native extension for WindowsStandalone target not found
Native extension for WebGL target not found
Refreshing native plugins compatible for Editor in 0.85 ms, found 1 plugins.
Preloading 0 native plugins for Editor in 0.00 ms.
Invoked RoslynAnalysisRunner static constructor.
RoslynAnalysisRunner will not be running.
RoslynAnalysisRunner has terminated.
Mono: successfully reloaded assembly
- Completed reload, in  5.176 seconds
Platform modules already initialized, skipping
Switching build target platform(5) subTarget(0) extendedPlatform(0) -> platform(13) subTarget(537395200) extendedPlatform(0)
Refreshing native plugins compatible for Editor in 1.19 ms, found 1 plugins.
Preloading 0 native plugins for Editor in 0.00 ms.
Unloading 1798 Unused Serialized files (Serialized files now loaded: 0)
System memory in use before: 88.7 MB.
System memory in use after: 88.7 MB.

Unloading 12 unused Assets to reduce memory usage. Loaded Objects now: 2371.
Total: 8.430500 ms (FindLiveObjects: 0.921300 ms CreateObjectMapping: 0.273000 ms MarkObjects: 6.968900 ms  DeleteObjects: 0.260800 ms)

AssetImportParameters requested are different than current active one (requested -> active):
  custom:graphics/normal-map-encoding: 01000000000000000000000000000000 -> 02000000000000000000000000000000
AssetImportWorkerClient::OnTransportError - code=2 error=End of file
